	
	
	
	
	
	
	
	
	
	
	
	
	
	
	
	
	
	
	
	
	
	
	
	
4|Comedy|Always a Bridesmaid	
4|Comedy|The Little Residence	
4|Crime|Berlin Express	
4|Music|Always a Bridesmaid	
5|Adventure|Miss Stone	
5|Comedy|The Pickwick Papers	
5|Drama|The Pickwick Papers	
5|History|Miss Stone	
5|Sci-Fi|The Flame Barrier	
6|Action|All the Young Men	
6|Drama|The Man Who Betrayed the Mafia	
6|War|All the Young Men	
7|Action|Bullet	
7|Action|Mission for the Dragon	
7|Adult|Easy Alice	
7|Crime|Bullet	
7|Drama|Kilenc hónap	
7|Romance|Raja Jani	
7|Thriller|Bullet	
8|Comedy|Miracle Fighters 4	
8|Documentary|A Portrait of Giselle	
8|Drama|Savage Breed	
8|War|Sablazan	
9|Drama|A Soldier's Sweetheart	
