tt0015335|Sinners in Heaven|Romance|2|0.0
tt0023346|Pojkarna på Storholmen|Comedy|3|7.4
tt0027283|The Terrible Lovers|Comedy|3|7.4
tt0034947|The Little Residence|Comedy|4|7.5
tt0035629|Always a Bridesmaid|Music|4|7.6
tt0040155|Berlin Express|Film-Noir|4|6.8
tt0045030|The Pickwick Papers|Drama|5|7.0
tt0045281|Untamed Frontier|Western|5|6.1
tt0051618|The Flame Barrier|Sci-Fi|5|5.0
tt0051934|Miss Stone|History|5|7.1
tt0053583|All the Young Men|War|6|6.2
tt0057028|Eleven Years and One Day|Drama|6|5.9
tt0058969|The Big Job|Mystery|6|6.4
tt0059356|Kid Rodelo|Western|6|6.0
tt0061438|The Man Who Betrayed the Mafia|Thriller|6|3.6
tt0070763|The Man Who Betrayed the Mafia|Thriller|6|5.2
tt0074744|Kilenc hónap|Drama|7|6.2
tt0075159|San Pasquale Baylonne protettore delle donne|Comedy|7|7.0
tt0077772|Jing wang shuang xiong|Crime|7|4.0
tt0084524|A Portrait of Giselle|Documentary|8|7.2
tt0093112|Il grande Blek|Drama|8|6.8
tt0103735|Auge um Auge|Drama|9|6.8
tt0105733|Die vergessene Stadt - Butte, Montana|History|9|6.8
tt0113744|Die vergessene Stadt - Butte, Montana|History|9|8.2
tt0129414|A Soldier's Sweetheart|War|9|6.3
tt0139339|Harlem After Midnight|Drama|3|6.3
tt0145463|Shinmungo|War|6|6.3
tt0145551|Undercurrent|Thriller|9|4.9
tt0146324|Dream Play|Animation|2|4.9
tt0154028|A zenélö zsinagóga|Documentary|9|4.9
tt0154265|Bullet|Thriller|7|6.9
tt0167897|Dio c'è|Comedy|9|3.8
tt0175269|Typhoon Love|Drama|2|3.8
tt0180115|Sablazan|War|8|6.0
tt0180772|Ju-Ni Hitoe oder die Entdeckung der Seele|Documentary|9|6.0
tt0193891|Easy Alice|Drama|7|5.6
tt0198965|Savage Breed|Drama|8|5.7
tt0199990|Mission for the Dragon|Drama|7|5.3
tt0202135|Miracle Fighters 4|Comedy|8|6.2
tt0220481|Het geluk komt morgen|Comedy|5|6.2
tt0231876|Kardia pou lygise apo ton pono|Drama|6|6.2
tt0261697|Kardia pou lygise apo ton pono|Drama|6|5.7
tt0266948|Kardia pou lygise apo ton pono|Drama|6|7.2
tt0293332|Korega Betonamu sensôda|Documentary|6|7.2
tt0312374|Korega Betonamu sensôda|Documentary|6|7.4
tt0316538|Santos Vega|Western|3|7.4
tt0317136|The Bells of St. Mary's|Comedy|2|7.4
tt0318011|The Bells of St. Mary's|Comedy|2|7.0
tt0323860|Saban çingeneler arasinda|Romance|5|7.0
tt0329506|Saban çingeneler arasinda|Romance|5|6.6
tt0338988|Saban çingeneler arasinda|Romance|5|5.8
tt0358063|Raja Jani|Romance|7|6.8
tt0372776|Raja Jani|Romance|7|4.4
tt0377119|Raja Jani|Romance|7|5.0
tt0404434|Raja Jani|Romance|7|7.5
tt0416960|Raja Jani|Romance|7|8.6
tt0438054|Raja Jani|Romance|7|7.6
tt0472458|Raja Jani|Romance|7|6.8
tt1007950|Raja Jani|Romance|7|5.7
tt1140875|Raja Jani|Romance|7|7.3
tt1167867|Cat Girls Gamblers|Crime|6|7.3
tt1177963|Xue lu xue lu|War|7|7.3
tt1179852|Jorgos from Sotirianika|Documentary|7|7.3
tt1233200|Jorgos from Sotirianika|Documentary|7|7.5
tt1279237|Prema Yuddham|Action|9|8.3
tt1332007|Prema Yuddham|Action|9|5.2
tt1461249|Prema Yuddham|Action|9|5.4
tt1479958|Bagawat|Drama|9|7.2
tt1592556|Bagawat|Drama|9|5.0
tt1631867|Bagawat|Drama|9|7.9
tt1669649|Bagawat|Drama|9|6.7
tt1725803|Bagawat|Drama|9|6.2
tt1729172|Backfire!|Thriller|6|6.7
tt1736040|Backfire!|Thriller|6|3.2
tt1742078|Backfire!|Thriller|6|7.1
tt1863160|Backfire!|Thriller|6|5.2
tt1899216|Backfire!|Thriller|6|3.8
tt1927164|Backfire!|Thriller|6|6.8
tt2098680|Backfire!|Thriller|6|6.3
tt2124829|Backfire!|Thriller|6|6.2
tt2156693|Cinq leçons de théâtre d'Antoine Vitez|Documentary|7|6.2
tt2194595|Cinq leçons de théâtre d'Antoine Vitez|Documentary|7|7.7
tt2203757|Cinq leçons de théâtre d'Antoine Vitez|Documentary|7|5.7
tt2244697|Cinq leçons de théâtre d'Antoine Vitez|Documentary|7|4.1
tt2351277|Cinq leçons de théâtre d'Antoine Vitez|Documentary|7|7.0
tt2376024|Cinq leçons de théâtre d'Antoine Vitez|Documentary|7|6.2
tt2388775|The Mike King Story Special Feature|Action|9|8.0
tt2436058|The Mike King Story Special Feature|Action|9|7.2
tt2591706|The Mike King Story Special Feature|Action|9|6.7
tt2734974|The Mike King Story Special Feature|Action|9|5.4
tt2789512|Hapishane gülü|Drama|8|5.4
tt2933632|Hapishane gülü|Drama|8|7.3
tt2960678|Korkunç tecavüz|Thriller|7|5.5
tt2967646|Yumi Yet|Documentary|7|5.8
tt3009456|Yumi Yet|Documentary|7|5.8
tt3194412|Yumi Yet|Documentary|7|7.1
tt3317762|Yumi Yet|Documentary|7|4.8
tt3429774|Yumi Yet|Documentary|7|3.4
tt3527012|To Russia with Love|Documentary|9|3.4
tt3711684|To Russia with Love|Documentary|9|5.0
tt3797076|To Russia with Love|Documentary|9|7.4
tt3874900|Rater Kuheli|Drama|8|7.4
tt4359602|Rater Kuheli|Drama|8|6.5
tt4580370|Rater Kuheli|Drama|8|7.5
tt4799700|Sexing the Label|Documentary|9|7.5
tt7094790|Sexing the Label|Documentary|9|7.1
tt7297956|Sexing the Label|Documentary|9|6.1
tt7659522|Sexing the Label|Documentary|9|7.7
tt7699284|Ke Tumi|Drama|6|7.7
tt8347882|Ke Tumi|Drama|6|8.4
