103.29|125156|1|Adult	
13.00|623|0|Short	
19.85|2369|0|Animation	
33.88|5220|0|Family	
36.22|4479|0|Fantasy	
36.91|5760|1|Reality-TV	
38.63|1440|1|Sci-Fi	
39.10|5460|0|Comedy	
41.05|1773|1|Game-Show	
41.41|5760|1|Music	
43.97|5135|1|Horror	
44.60|5135|1|Adventure	
46.78|51420|0|Documentary	
49.58|5460|1|Mystery	
50.17|4593|1|Action	
50.64|6000|0|Drama	
50.92|4980|1|Western	
51.61|1800|1|Romance	
52.16|3450|1|News	
53.41|1100|1|Biography	
56.14|4593|1|Crime	
58.38|2565|1|Talk-Show	
58.71|4479|1|History	
59.59|1200|1|Thriller	
61.79|1170|1|Musical	
66.58|1669|1|Sport	
69.76|4479|1|War	
83.44|135|51|Film-Noir	
