50.17|4593|1|Action	
103.29|125156|1|Adult	
44.60|5135|1|Adventure	
19.85|2369|0|Animation	
56.14|4593|1|Crime	
33.88|5220|0|Family	
36.22|4479|0|Fantasy	
41.05|1773|1|Game-Show	
58.71|4479|1|History	
43.97|5135|1|Horror	
61.79|1170|1|Musical	
13.00|623|0|Short	
66.58|1669|1|Sport	
58.38|2565|1|Talk-Show	
59.59|1200|1|Thriller	
69.76|4479|1|War	
50.92|4980|1|Western	
53.41|1100|1|Biography	
39.10|5460|0|Comedy	
46.78|51420|0|Documentary	
50.64|6000|0|Drama
83.44|135|51|Film-Noir
41.41|5760|1|Music
49.58|5460|1|Mystery
52.16|3450|1|News
36.91|5760|1|Reality-TV
51.61|1800|1|Romance
38.63|1440|1|Sci-Fi