12 Years a Slave
300
A Beautiful Mind
Amélie
American Beauty
American History X
Argo
Avatar
Batman Begins
Black Swan
Braveheart
Captain America: Civil War
Captain America: The Winter Soldier
Casino Royale
Catch Me If You Can
City of God
Deadpool
District 9
Django Unchained
Donnie Darko
Drive
Edge of Tomorrow
Eternal Sunshine of the Spotless Mind
Fargo
Fight Club
Finding Nemo
Forrest Gump
Gladiator
Gone Girl
Goodfellas
Good Will Hunting
Gran Torino
Gravity
Groundhog Day
Guardians of the Galaxy
Harry Potter and the Deathly Hallows: Part 2
Harry Potter and the Sorcerer's Stone
Heat
How to Train Your Dragon
Inception
Inglourious Basterds
Interstellar
Into the Wild
Iron Man
Jurassic Park
Kill Bill: Vol. 1
Kill Bill: Vol. 2
Kingsman: The Secret Service
Léon: The Professional
Life Is Beautiful
Life of Pi
Logan
Mad Max: Fury Road
Memento
Million Dollar Baby
Monsters, Inc.
No Country for Old Men
Pan's Labyrinth
Pirates of the Caribbean: The Curse of the Black Pearl
Pulp Fiction
Ratatouille
Requiem for a Dream
Reservoir Dogs
Saving Private Ryan
Schindler's List
Se7en
Sherlock Holmes
Shrek
Shutter Island
Silver Linings Playbook
Sin City
Skyfall
Slumdog Millionaire
Snatch
Spirited Away
Star Trek
Star Wars: Episode III - Revenge of the Sith
Star Wars: The Force Awakens
Taken
Terminator 2
The Avengers
The Big Lebowski
The Bourne Ultimatum
The Curious Case of Benjamin Button
The Dark Knight
The Dark Knight Rises
The Departed
The Grand Budapest Hotel
The Green Mile
The Hangover
The Hobbit: An Unexpected Journey
The Hobbit: The Desolation of Smaug
The Hunger Games: Catching Fire
The Imitation Game
The Incredibles
The Intouchables
The King's Speech
The Lion King
The Lord of the Rings: The Fellowship of the Ring
The Lord of the Rings: The Return of the King
The Lord of the Rings: The Two Towers
The Martian
The Matrix
The Pianist
The Prestige
The Revenant
The Shawshank Redemption
The Silence of the Lambs
The Sixth Sense
The Social Network
The Truman Show
The Usual Suspects
The Wolf of Wall Street
Titanic
Toy Story
Toy Story 3
Trainspotting
Twelve Monkeys
Up
V for Vendetta
WALL·E
Whiplash
X-Men: Days of Future Past
X-Men: First Class