tt0023346|
tt0034947|
tt0035629|
tt0040155|
tt0045030|
tt0045281|
tt0051618|
tt0051934|
tt0053583|
tt0057028|
tt0058969|
tt0059356|
tt0061438|
tt0070763|
tt0074744|
tt0075159|
tt0077772|
tt0084524|
tt0093112|
tt0103735|Auge um Auge
tt0105733|Die vergessene Stadt - Butte, Montana
tt0113744|
tt0113744|Y Mapiwr
tt0129414|
tt0129414|A Soldier's Sweetheart
tt0145551|
tt0145551|Undercurrent
tt0154028|A zenélö zsinagóga
tt0154265|
tt0167897|
tt0167897|Dio c'è
tt0180115|
tt0180772|Ju-Ni Hitoe oder die Entdeckung der Seele
tt0193891|
tt0198965|
tt0199990|
tt0202135|
tt0237625|Les quatre cavaliers de l'apocalypse
tt0261697|
tt0261697|The Hidden Fortress
tt0266948|
tt0266948|La seconda ombra
tt0293447|Neeyum Naanum
tt0312374|
tt0312374|Here Was the Anthem
tt0318011|
tt0318011|Rachida
tt0329506|
tt0329506|The Sunken Cemetery
tt0338988|
tt0338988|Family Secrets
tt0358063|
tt0372776|
tt0377119|
tt0377119|Jester Till
tt0404434|
tt0404434|Sleep Always
tt0416960|
tt0416960|The Lizard
tt0438054|
tt0438054|Getting Nowhere Faster
tt0459578|Ballroom Dancing
tt0472458|
tt0472458|Dumplings
tt0823209|Dan Dan, Dad and Me
tt1007950|
tt1007950|Diminished Capacity
tt1140875|
tt1140875|Sell Out! (The Student Films of Don Swanson)
tt1233200|
tt1233200|The Spirit of Money
tt1263764|Schöne Virtuelle Welt
tt1267280|Men's River
tt1279237|
tt1279237|Prema Yuddham
tt1332007|
tt1332007|Strangers
tt1360768|David Farrell: Elusive Moments
tt1395039|Etats généraux
tt1450722|Darfur's Skeleton
tt1461249|
tt1461249|Meskada
tt1479958|
tt1479958|Bagawat
tt1553930|The Survivors Project: Voices from the Inside-out!
tt1592556|
tt1592556|Magi i luften
tt1631867|
tt1631867|Edge of Tomorrow
tt1642662|The Works of Darren McGannon
tt1669649|
tt1669649|Kutsar koputab kolm korda
tt1725803|
tt1725803|Delhi in a Day
tt1729172|
tt1736040|
tt1736040|Awake in the Woods
tt1742078|
tt1742078|Mrs. Carey's Concert
tt1791441|A Lesson of Love
tt1825906|Obscene Gangbang Sluts
tt1863160|
tt1863160|Bambieffekten
tt1874759|The Guardians
tt1887751|Les llunes de Galileu
tt1899216|
tt1899216|Jostojoo dar jazireh
tt1927164|
tt1927164|The Zombies Are Coming to Town!
tt2098680|
tt2124829|
tt2124829|The Field of Enchantment
tt2182135|Stranded in the Unknown
tt2194595|
tt2194595|Joe Goes to Serbia
tt2203757|
tt2203757|Bujang terlajak
tt2244697|
tt2244697|Adhinayakudu
tt2351277|
tt2351277|Colère
tt2369596|C'est pas du jeu
tt2376024|
tt2376024|Venus and Serena
tt2386177|A Taste of Provence: History, Art & Culture
tt2388775|
tt2388775|The Mike King Story Special Feature
tt2419838|Portugals Algarve auf eigene Faust
tt2436058|
tt2436058|Raganu Menesis
tt2528466|D'une vie à l'autre
tt2591706|
tt2591706|Best Supporting Actor
tt2734974|
tt2734974|Little Paradise
tt2767002|Hip Hop danza urbana
tt2933632|
tt2933632|According to Her
tt2960678|
tt2960920|Awakening the Healing Voices of Our Ancestors
tt2967646|
tt3009456|
tt3009456|The Value of Time
tt3079150|The Morning After
tt3113842|Red Plague
tt3194412|
tt3194412|El gran circo pobre de Timoteo
tt3273740|Nero d'Italia
tt3290562|Mercy
tt3317762|
tt3317762|The Butcher Possessions
tt3429774|
tt3429774|Branded
tt3527012|To Russia with Love
tt3711684|
tt3711684|Three Touches
tt3745694|Artifice
tt3797076|
tt3797076|The New Rijksmuseum - The Film
tt3810486|The Innocent Bastard
tt3815126|Ângelo de Sousa - Tudo o Que Sou Capaz
tt3959580|Hitozuma hatsujôki: Furin mamire
tt4359602|
tt4359602|Het mooiste wat er is
tt4440878|Forgive Me Father for I Have Sinned
tt4456262|Mohammed VI, la dynamique du Maroc
tt4580370|
tt4580370|Negeri Van Oranje
tt4665642|The Ambiguity of David Thomas Broughton
tt4799700|Sexing the Label
tt4829450|Louder Than Words
tt4942738|Our Healing Journey: Trailer
tt4945068|Tokyo Decibels
tt5228184|Raga: Färbung des Geistes
tt5238896|Condo Hell
tt5614054|Josef Ritter von Gadolla - Der Retter von Gotha
tt5695140|Dark Hallways
tt5780352|Hamish
tt6464500|This is a dog's world
tt6498604|Le Vieux
tt6765436|Kodambakkam
tt6968706|Masuyama Chounouryokushi jimusho: Gekijouban wa koi no aji
tt7094790|
tt7094790|Stip & Pensil
tt7238958|Prioni II
tt7297956|
tt7297956|Dark is the Night
tt7382680|MMO:IRL
tt7435274|Ustica, the Diamond years
tt7659522|
tt7659522|Straight Outta Oakland 2
tt7975674|Reborn
tt8068228|Dabbe 7
tt8312224|La Main dans le Chapeau
tt8334148|An Expats' Tale
tt8342104|King of the Valley
tt8347882|
tt8347882|Shonar Pahar
tt8726166|Two of Us