The Silence of the Lambs	
Terminator 2	
Groundhog Day	
Schindler's List	
Léon: The Professional	
Pulp Fiction	
Se7en	
Toy Story	
Fargo	
Trainspotting	
The Truman Show	
American History X	
The Green Mile	
The Lord of the Rings: The Fellowship of the Ring	
Shrek	
The Lord of the Rings: The Return of the King	
The Sixth Sense	
American Beauty	
Gladiator	
Monsters, Inc.
Memento
Spirited Away
Donnie Darko
Catch Me If You Can
Finding Nemo
Kill Bill: Vol. 1
A Beautiful Mind
Eternal Sunshine of the Spotless Mind
Iron Man
Kill Bill: Vol. 2
Million Dollar Baby
The Departed
300
The Curious Case of Benjamin Button
V for Vendetta
Toy Story 3
The Bourne Ultimatum
Life of Pi
The Dark Knight
Avatar
Into the Wild
Drive
Interstellar
The Avengers
The Hobbit: An Unexpected Journey
WALL·E
Taken
Black Swan
Sherlock Holmes
Slumdog Millionaire
Up
The Hangover
X-Men: First Class
The Dark Knight Rises
Inception
Deadpool
Gravity
Edge of Tomorrow
The Revenant
The Intouchables
Captain America: The Winter Soldier
Django Unchained
X-Men: Days of Future Past
The Hunger Games: Catching Fire
Guardians of the Galaxy
The Imitation Game
The Grand Budapest Hotel
Captain America: Civil War
The Martian
Goodfellas
Reservoir Dogs
Jurassic Park
Forrest Gump
The Lion King
The Shawshank Redemption
Braveheart
Heat
Twelve Monkeys
The Usual Suspects
The Big Lebowski
Life Is Beautiful
Good Will Hunting
Titanic
Saving Private Ryan
Star Wars: Episode III - Revenge of the Sith
The Matrix
Fight Club
The Lord of the Rings: The Two Towers
Requiem for a Dream
Snatch
Amélie
Harry Potter and the Sorcerer's Stone
The Pianist
City of God
The Incredibles
Pirates of the Caribbean: The Curse of the Black Pearl
Inglourious Basterds
Batman Begins
Casino Royale
Ratatouille
Sin City
Pan's Labyrinth
No Country for Old Men
The Prestige
Star Trek
How to Train Your Dragon
The Wolf of Wall Street
Argo
Silver Linings Playbook
Skyfall
Shutter Island
District 9
The Hobbit: The Desolation of Smaug
Harry Potter and the Deathly Hallows: Part 2
Gran Torino
The Social Network
Mad Max: Fury Road
The King's Speech
12 Years a Slave
Gone Girl
Star Wars: The Force Awakens
Whiplash
Kingsman: The Secret Service
Logan